Logger Started on Friday: 2018-08-24 07:19:32am
 Someone named shrimali was trying to login on Friday: 2018-08-24 01:41:50pm
asiri Entered an invalid password on Friday: 2018-08-24 01:41:56pm
asiri Logged in on Friday: 2018-08-24 01:42:03pm
asiri Logged in on Saturday: 2018-08-25 06:35:44am
asiri Entered an invalid password on Saturday: 2018-08-25 02:17:20pm
asiri Entered an invalid password on Saturday: 2018-08-25 02:17:26pm
asiri2 Entered an invalid password on Saturday: 2018-08-25 02:17:54pm
asiri3 Logged in on Saturday: 2018-08-25 02:19:29pm
asiri Entered an invalid password on Saturday: 2018-08-25 02:24:33pm
asiri Logged in on Saturday: 2018-08-25 02:24:38pm
asiri Entered an invalid password on Saturday: 2018-08-25 02:24:59pm
asiri Logged in on Saturday: 2018-08-25 02:25:03pm
asiri Logged in on Saturday: 2018-08-25 02:25:38pm
SFKGAD001325 Logged in on Saturday: 2018-08-25 02:27:55pm
 Someone named asiri was trying to login on Saturday: 2018-08-25 02:30:31pm
SFKGAD001325 Entered an invalid password on Saturday: 2018-08-25 02:30:38pm
SFKGAD001325 Logged in on Saturday: 2018-08-25 02:30:47pm
STKGET001212 Logged in on Saturday: 2018-08-25 02:57:56pm
STKGET001212 Logged in on Saturday: 2018-08-25 03:07:25pm
SFKGAD001325 Logged in on Saturday: 2018-08-25 03:16:18pm
 Someone named asiri was trying to login on Saturday: 2018-08-25 03:19:10pm
 Someone named asiri was trying to login on Saturday: 2018-08-25 03:19:32pm
SFKGAD001325 Logged in on Saturday: 2018-08-25 03:19:39pm
SFKGAD001325 Logged in on Saturday: 2018-08-25 04:11:36pm
SFKGAD001325 Logged in on Saturday: 2018-08-25 04:23:02pm
 Someone named asiri was trying to login on Saturday: 2018-08-25 06:40:23pm
SFKGAD001325 Entered an invalid password on Saturday: 2018-08-25 06:40:43pm
SFKGAD001325 Logged in on Saturday: 2018-08-25 06:40:55pm
 Someone named asiri was trying to login on Sunday: 2018-08-26 06:40:16pm
SFKGAD001325 Logged in on Sunday: 2018-08-26 06:40:25pm
SFKGAD001325 Logged in on Sunday: 2018-08-26 07:41:11pm
SFKGAD001325 Logged in on Sunday: 2018-08-26 08:41:48pm
SFKGAD001325 Logged in on Sunday: 2018-08-26 09:42:30pm
SFKGAD001325 Logged in on Monday: 2018-08-27 10:14:06am
SFKGAD001325 Logged in on Monday: 2018-08-27 12:20:10pm
SFKGAD001325 Logged in on Monday: 2018-08-27 02:48:43pm
 Someone named asiri was trying to login on Monday: 2018-08-27 04:30:48pm
SFKGAD001325 Entered an invalid password on Monday: 2018-08-27 04:30:56pm
SFKGAD001325 Logged in on Monday: 2018-08-27 04:31:06pm
SFKGAD001325 Entered an invalid password on Monday: 2018-08-27 05:34:51pm
SFKGAD001325 Entered an invalid password on Monday: 2018-08-27 05:35:02pm
 Someone named SFKGAD001324 was trying to login on Monday: 2018-08-27 05:35:12pm
SFKGAD001325 Logged in on Monday: 2018-08-27 05:35:39pm
SFKGAD001325 Logged in on Monday: 2018-08-27 05:58:13pm
SFKGAD001325 Logged in on Monday: 2018-08-27 06:20:02pm
SFKGAD001325 Logged in on Monday: 2018-08-27 07:20:22pm
SFKGAD001325 Logged in on Monday: 2018-08-27 08:23:31pm
 Someone named SFKGAD001325 was trying to login on Monday: 2018-08-27 09:23:51pm
 Someone named SFKGAD001325 was trying to login on Monday: 2018-08-27 09:24:03pm
 Someone named SFKGAD001325 was trying to login on Monday: 2018-08-27 09:24:32pm
 Someone named SFKGAD001325 was trying to login on Monday: 2018-08-27 09:24:54pm
SFKGAD001325 Logged in on Monday: 2018-08-27 09:25:10pm
SFKGAD001325 Logged in on Tuesday: 2018-08-28 05:26:54am
SFKGAD001325 Logged in on Tuesday: 2018-08-28 09:55:21am
SFKGAD001325 Logged in on Tuesday: 2018-08-28 11:41:43am
SFKGAD001325 Logged in on Tuesday: 2018-08-28 12:44:06pm
SFKGAD001325 Logged in on Tuesday: 2018-08-28 04:19:17pm
SFKGAD001325 Logged in on Tuesday: 2018-08-28 05:51:52pm
SFKGAD001325 Logged in on Tuesday: 2018-08-28 06:53:13pm
SFKGAD001326 Logged in on Wednesday: 2018-08-29 03:24:22am
 Someone named SFKGAD001326 was trying to login on Wednesday: 2018-08-29 03:32:12am
 Someone named SFKGAD001326 was trying to login on Wednesday: 2018-08-29 03:32:24am
SFKGMA001563 Logged in on Wednesday: 2018-08-29 03:32:28am
SFKGMA001563 Logged in on Wednesday: 2018-08-29 03:34:44am
SFKGAD001325 Logged in on Wednesday: 2018-08-29 03:46:09am
SFKGAD001325 Logged in on Wednesday: 2018-08-29 05:21:27am
SFKGAD001325 Logged in on Wednesday: 2018-08-29 06:27:03am
SFKGAD001325 Logged in on Wednesday: 2018-08-29 07:30:02am
SFKGAD001325 Logged in on Wednesday: 2018-08-29 08:44:23am
SFKGAD001325 Logged in on Wednesday: 2018-08-29 09:10:10am
SFKGAD001325 Logged in on Wednesday: 2018-08-29 09:53:14am
 Someone named asiri was trying to login on Wednesday: 2018-08-29 10:54:16am
SFKGAD001325 Logged in on Wednesday: 2018-08-29 10:54:20am
SFKGAD001325 Logged in on Wednesday: 2018-08-29 11:07:21am
SFKGAD001325 Logged in on Wednesday: 2018-08-29 12:18:46pm
SFKGMA001563 Logged in on Wednesday: 2018-08-29 01:04:42pm
SFKGAD001325 Logged in on Wednesday: 2018-08-29 01:05:05pm
SFKGMA001563 Logged in on Wednesday: 2018-08-29 01:27:15pm
 Someone named asiri was trying to login on Wednesday: 2018-08-29 01:29:16pm
SFKGMA001563 Logged in on Wednesday: 2018-08-29 01:29:23pm
SFKGAD001325 Logged in on Wednesday: 2018-08-29 01:29:55pm
SFKGAD001325 Logged in on Wednesday: 2018-08-29 02:38:34pm
SFKGAD001325 Logged in on Wednesday: 2018-08-29 03:45:01pm
SFKGMA001563 Logged in on Wednesday: 2018-08-29 05:13:29pm
 Someone named SFKGAD001366 was trying to login on Wednesday: 2018-08-29 07:04:07pm
 Someone named SFKGLE001553 was trying to login on Wednesday: 2018-08-29 07:04:11pm
SFKGAD001325 Logged in on Wednesday: 2018-08-29 07:04:15pm
SFKGMA001563 Logged in on Wednesday: 2018-08-29 07:04:26pm
SFKGAD001325 Logged in on Wednesday: 2018-08-29 07:04:38pm
 Someone named SFKGAD001366 was trying to login on Wednesday: 2018-08-29 07:04:48pm
 Someone named SFKGAD001366 was trying to login on Wednesday: 2018-08-29 07:05:28pm
SFKGAD001325 Entered an invalid password on Wednesday: 2018-08-29 07:05:34pm
SFKGAD001325 Entered an invalid password on Wednesday: 2018-08-29 07:06:22pm
SFKGAD001325 Entered an invalid password on Wednesday: 2018-08-29 07:07:23pm
SFKGAD001325 Logged in on Wednesday: 2018-08-29 07:37:39pm
SFKGAD001325 Logged in on Wednesday: 2018-08-29 07:43:25pm
SFKGLE001552 Logged in on Wednesday: 2018-08-29 07:48:50pm
 Someone named asiri was trying to login on Wednesday: 2018-08-29 07:49:38pm
SFKGLE001552 Logged in on Wednesday: 2018-08-29 07:49:43pm
SFKGLE001564 Logged in on Wednesday: 2018-08-29 07:50:29pm
SFKGAD001325 Logged in on Wednesday: 2018-08-29 07:50:41pm
SFKGLE001553 Logged in on Wednesday: 2018-08-29 07:50:52pm
SFKGAD001325 Logged in on Wednesday: 2018-08-29 07:53:07pm
 Someone named asiri was trying to login on Wednesday: 2018-08-29 07:53:20pm
SFKGAD001325 Logged in on Wednesday: 2018-08-29 07:53:25pm
SFKGLE001553 Logged in on Wednesday: 2018-08-29 07:55:20pm
SFKGAD001325 Logged in on Wednesday: 2018-08-29 08:03:57pm
SFKGLE001564 Logged in on Wednesday: 2018-08-29 08:09:25pm
SFKGMA001567 Logged in on Wednesday: 2018-08-29 08:09:43pm
SFKGAD001325 Logged in on Wednesday: 2018-08-29 08:14:37pm
 Someone named asiri was trying to login on Wednesday: 2018-08-29 08:15:14pm
SFKGAD001325 Logged in on Wednesday: 2018-08-29 08:17:49pm
SFKGMA001563 Logged in on Wednesday: 2018-08-29 08:18:26pm
SFKGLE001564 Logged in on Wednesday: 2018-08-29 08:18:48pm
SFKGAD001365 Logged in on Wednesday: 2018-08-29 08:24:24pm
SFKGAD001366 Logged in on Wednesday: 2018-08-29 08:24:35pm
SFKGLE001552 Logged in on Wednesday: 2018-08-29 08:24:55pm
SFKGAD001325 Logged in on Wednesday: 2018-08-29 08:45:48pm
SFKGAD001325 Logged in on Thursday: 2018-08-30 03:22:48am
SFKGAD001325 Logged in on Thursday: 2018-08-30 03:23:03am
SFKGAD001325 Logged in on Thursday: 2018-08-30 03:23:21am
SFKGLE001564 Logged in on Thursday: 2018-08-30 03:45:37am
SFKGAD001325 Logged in on Thursday: 2018-08-30 03:46:09am
SFKGAD011365 Entered an invalid password on Thursday: 2018-08-30 03:48:28am
SFKGAD011365 Entered an invalid password on Thursday: 2018-08-30 03:48:34am
SFKGAD011365 Logged in on Thursday: 2018-08-30 03:49:08am
SFKGAD011365 Logged in on Thursday: 2018-08-30 03:50:30am
SFKGAD001325 Logged in on Thursday: 2018-08-30 03:50:36am
 Someone named asiri was trying to login on Thursday: 2018-08-30 03:50:48am
SFKGAD001325 Logged in on Thursday: 2018-08-30 03:50:53am
SFKGAD001325 Logged in on Thursday: 2018-08-30 03:51:00am
SFKGAD001325 Logged in on Thursday: 2018-08-30 03:51:26am
SFKGAD001325 Logged in on Thursday: 2018-08-30 03:51:51am
SFKGAD001325 Logged in on Thursday: 2018-08-30 03:52:10am
SFKGLE001564 Logged in on Thursday: 2018-08-30 05:34:16am
SFKGLE001553 Logged in on Thursday: 2018-08-30 05:38:32am
SFKGLE001552 Logged in on Thursday: 2018-08-30 05:41:07am
SFKGAD001325 Logged in on Thursday: 2018-08-30 06:49:56am
SFKGAD001325 Logged in on Thursday: 2018-08-30 06:51:42am
SFKGMA001563 Logged in on Thursday: 2018-08-30 06:56:41am
SFKGAD001325 Logged in on Thursday: 2018-08-30 06:58:36am
SFKGLE001564 Logged in on Thursday: 2018-08-30 07:10:34am
SFKGAD001365 Logged in on Thursday: 2018-08-30 07:25:16am
SFKGMA001563 Logged in on Thursday: 2018-08-30 07:25:41am
SFKGLE001564 Logged in on Thursday: 2018-08-30 07:27:59am
SFKGMA001563 Logged in on Thursday: 2018-08-30 08:07:55am
SFKGLE001552 Logged in on Thursday: 2018-08-30 08:17:07am
SFKGMA001567 Logged in on Thursday: 2018-08-30 09:01:38am
SFKGMA001563 Logged in on Thursday: 2018-08-30 09:06:20am
SFKGLE001552 Logged in on Thursday: 2018-08-30 09:09:58am
SFKGMA001563 Logged in on Thursday: 2018-08-30 09:30:13am
SFKGLE001552 Logged in on Thursday: 2018-08-30 09:58:25am
SFKGMA001567 Logged in on Thursday: 2018-08-30 10:03:36am
SFKGLE001552 Logged in on Thursday: 2018-08-30 10:04:55am
SFKGAD001325 Logged in on Thursday: 2018-08-30 10:41:49am
SFKGLE001553 Logged in on Thursday: 2018-08-30 01:28:24pm
SFKGLE001564 Logged in on Thursday: 2018-08-30 01:28:47pm
SFKGAD001366 Logged in on Thursday: 2018-08-30 01:30:29pm
SFKGAD001325 Logged in on Saturday: 2018-09-01 12:06:26pm
SFKGLE001553 Logged in on Saturday: 2018-09-01 12:07:37pm
SFKGMA001563 Logged in on Saturday: 2018-09-01 12:08:09pm
SFKGLE001564 Logged in on Saturday: 2018-09-01 12:14:36pm
SFKGAD001325 Logged in on Saturday: 2018-09-01 12:18:10pm
SFKGAD001325 Logged in on Saturday: 2018-09-01 12:26:57pm
SFKGAD001325 Logged in on Monday: 2018-09-03 03:54:17pm
SFKGAD001325 Logged in on Monday: 2018-09-03 04:58:56pm
SFKGAD001325 Logged in on Monday: 2018-09-03 06:05:31pm
SFKGAD001325 Logged in on Monday: 2018-09-03 06:07:35pm
SFKGLE001553 Logged in on Monday: 2018-09-03 06:37:17pm
SFKGAD001325 Logged in on Monday: 2018-09-03 06:37:27pm
 Someone named asiri was trying to login on Tuesday: 2018-09-04 09:20:15am
SFKGAD001325 Logged in on Tuesday: 2018-09-04 09:20:21am
SFKGAD001325 Logged in on Wednesday: 2018-09-05 07:40:26am
 Someone named asiri was trying to login on Wednesday: 2018-09-12 10:23:13am
SFKGAD001325 Logged in on Wednesday: 2018-09-12 10:23:22am
SFKGAD001325 Logged in on Wednesday: 2018-09-12 10:24:52am
 Someone named \'OR \'\'=\'\' was trying to login on Wednesday: 2018-09-12 10:49:40am
 Someone named asiri was trying to login on Wednesday: 2018-09-12 10:49:44am
 Someone named asiri was trying to login on Wednesday: 2018-09-12 10:49:46am
 Someone named asiri was trying to login on Wednesday: 2018-09-12 10:49:47am
 Someone named asiri was trying to login on Wednesday: 2018-09-12 10:49:47am
 Someone named asiri was trying to login on Wednesday: 2018-09-12 11:16:01am
 Someone named asiri was trying to login on Wednesday: 2018-09-12 11:16:10am
 Someone named asiri was trying to login on Wednesday: 2018-09-12 11:16:50am
 Someone named asiri was trying to login on Wednesday: 2018-09-12 11:17:15am
 Someone named asiri was trying to login on Wednesday: 2018-09-12 11:17:29am
 Someone named asiri was trying to login on Wednesday: 2018-09-12 11:17:37am
SFKGAD001325 Logged in on Wednesday: 2018-09-12 11:18:20am
SFKGMA001563 Logged in on Wednesday: 2018-09-12 11:19:48am
SFKGMA001563 Logged in on Wednesday: 2018-09-12 11:25:29am
SFKGMA001563 Logged in on Wednesday: 2018-09-12 11:26:16am
SFKGAD001325 Logged in on Wednesday: 2018-09-12 11:37:43am
SFKGAD001325 Logged in on Sunday: 2018-09-16 10:54:13am
SFKGAD001325 Logged in on Sunday: 2018-09-16 12:36:24pm
SFKGAD001325 Logged in on Sunday: 2018-09-16 12:41:07pm
SFKGAD001325 Logged in on Wednesday: 2018-09-19 08:23:27am
 Someone named asiri was trying to login on Wednesday: 2018-09-19 09:37:41am
SFKGAD001325 Logged in on Wednesday: 2018-09-19 07:18:11pm
SFKGAD001325 Logged in on Wednesday: 2018-09-19 07:39:03pm
 Someone named asiri was trying to login on Thursday: 2018-09-20 03:55:35pm
SFKGAD001325 Logged in on Thursday: 2018-09-20 03:55:41pm
SFKGAD001325 Logged in on Thursday: 2018-09-20 05:09:43pm
SFKGAD001325 Logged in on Thursday: 2018-09-20 06:25:13pm
SFKGLE001553 Logged in on Thursday: 2018-09-20 06:50:52pm
SFKGMA001563 Logged in on Thursday: 2018-09-20 06:51:19pm
SFKGMA001563 Logged in on Thursday: 2018-09-20 06:51:38pm
SFKGAD001325 Logged in on Thursday: 2018-09-20 06:51:59pm
SFKGAD001325 Logged in on Monday: 2018-09-24 07:46:34am
SFKGAD001325 Logged in on Friday: 2018-09-28 06:26:57am
SFKGAD001325 Logged in on Friday: 2018-09-28 07:29:55am
SFKGAD001325 Logged in on Friday: 2018-09-28 08:32:20am
SFKGAD001325 Logged in on Friday: 2018-09-28 08:33:14am
SFKGAD001325 Logged in on Friday: 2018-09-28 10:04:17am
SFKGAD001325 Logged in on Friday: 2018-09-28 11:25:34am
 Someone named asiri was trying to login on Friday: 2018-09-28 12:25:54pm
SFKGAD001325 Logged in on Friday: 2018-09-28 12:25:58pm
SFKGAD001325 Logged in on Saturday: 2018-09-29 12:40:17pm
SFKGAD001325 Logged in on Saturday: 2018-09-29 12:47:42pm
SFKGAD001325 Logged in on Saturday: 2018-09-29 01:06:40pm
SFKGLE001564 Logged in on Saturday: 2018-09-29 01:15:31pm
SFKGLE001564 Logged in on Saturday: 2018-09-29 01:21:11pm
SFKGAD001325 Logged in on Saturday: 2018-09-29 01:51:18pm
SFKGAD001325 Logged in on Saturday: 2018-09-29 02:51:46pm
SFKGAD001325 Logged in on Saturday: 2018-09-29 03:55:59pm
SFKGAD001325 Logged in on Saturday: 2018-09-29 05:01:52pm
SFKGAD001325 Logged in on Saturday: 2018-09-29 05:22:24pm
SFKGAD001325 Logged in on Saturday: 2018-09-29 06:03:27pm
SFKGAD001325 Logged in on Saturday: 2018-09-29 07:10:10pm
SFKGAD001325 Logged in on Saturday: 2018-09-29 07:52:07pm
SFKGAD001325 Logged in on Saturday: 2018-09-29 07:53:16pm
SFKGAD001325 Logged in on Saturday: 2018-09-29 07:53:16pm
SFKGAD001325 Logged in on Sunday: 2018-09-30 08:06:00am
SFKGAD001325 Logged in on Sunday: 2018-09-30 03:13:52pm
SFKGLE001553 Logged in on Sunday: 2018-09-30 03:15:44pm
SFKGLE001552 Logged in on Sunday: 2018-09-30 03:16:07pm
SFKGLE001553 Logged in on Monday: 2018-10-01 05:06:18am
SFKGMA001563 Logged in on Monday: 2018-10-01 05:09:01am
SFKGMA001563 Logged in on Monday: 2018-10-01 05:14:19am
SFKGLE001564 Logged in on Monday: 2018-10-01 05:20:59am
SFKGAD001365 Logged in on Monday: 2018-10-01 05:21:11am
SFKGLE001552 Logged in on Monday: 2018-10-01 05:24:13am
SFKGAD001325 Logged in on Monday: 2018-10-01 05:24:25am
SFKGLE001553 Logged in on Monday: 2018-10-01 05:26:51am
SFKGMA001563 Logged in on Monday: 2018-10-01 05:27:08am
SFKGMA001563 Logged in on Monday: 2018-10-01 05:29:50am
SFKGAD001365 Logged in on Monday: 2018-10-01 06:05:19am
SFKGAD001325 Logged in on Monday: 2018-10-01 06:05:34am
SFKGAD001325 Logged in on Monday: 2018-10-01 06:19:15am
SFKGAD001365 Logged in on Monday: 2018-10-01 06:19:25am
SFKGLE001564 Logged in on Monday: 2018-10-01 06:19:34am
 Someone named SFKGMA001567 was trying to login on Monday: 2018-10-01 06:20:34am
 Someone named SFKGMA001567 was trying to login on Monday: 2018-10-01 06:20:39am
SFKGLE001552 Logged in on Monday: 2018-10-01 06:20:53am
SFKGAD001325 Logged in on Monday: 2018-10-01 06:38:14am
SFKGLE001553 Logged in on Monday: 2018-10-01 06:38:27am
 Someone named asiri was trying to login on Monday: 2018-10-01 06:38:47am
SFKGAD001325 Logged in on Monday: 2018-10-01 06:40:44am
SFKGLE001564 Logged in on Monday: 2018-10-01 06:41:22am
SFKGLE001553 Logged in on Monday: 2018-10-01 06:41:36am
 Someone named asiri was trying to login on Monday: 2018-10-01 06:43:04am
SFKGMA001563 Logged in on Monday: 2018-10-01 06:43:08am
SFKGAD001365 Logged in on Monday: 2018-10-01 08:36:59am
SFKGAD001325 Logged in on Monday: 2018-10-01 08:39:33am
SFKGAD001365 Logged in on Monday: 2018-10-01 08:40:26am
SFKGAD001366 Logged in on Monday: 2018-10-01 08:40:37am
SFKGAD001325 Logged in on Monday: 2018-10-01 08:40:53am
SFKGMA001563 Logged in on Monday: 2018-10-01 08:42:04am
SFKGMA001567 Logged in on Monday: 2018-10-01 08:46:41am
SFKGAD001325 Logged in on Monday: 2018-10-01 10:52:31am
SFKGMA001563 Logged in on Monday: 2018-10-01 12:13:41pm
SFKGMA001563 Logged in on Monday: 2018-10-01 01:23:48pm
SFKGAD001325 Logged in on Monday: 2018-10-01 03:38:30pm
SFKGLE001553 Logged in on Monday: 2018-10-01 03:54:17pm
SFKGMA001563 Logged in on Monday: 2018-10-01 03:55:01pm
SFKGLE001564 Logged in on Monday: 2018-10-01 03:56:34pm
SFKGAD001365 Logged in on Monday: 2018-10-01 03:57:55pm
SFKGAD001366 Logged in on Monday: 2018-10-01 04:53:34pm
SFKGMA001567 Logged in on Monday: 2018-10-01 04:56:09pm
SFKGAD001325 Logged in on Monday: 2018-10-01 06:28:28pm
SFKGAD001366 Logged in on Monday: 2018-10-01 07:30:00pm
SFKGMA001567 Logged in on Monday: 2018-10-01 07:31:49pm
SFKGMA001567 Logged in on Monday: 2018-10-01 07:46:31pm
SFKGMA001563 Logged in on Monday: 2018-10-01 07:51:59pm
SFKGLE001553 Logged in on Monday: 2018-10-01 07:57:27pm
SFKGLE001552 Logged in on Monday: 2018-10-01 08:08:33pm
SFKGLE001552 Logged in on Tuesday: 2018-10-02 01:29:33am
SFKGMA001563 Logged in on Tuesday: 2018-10-02 01:40:07am
SFKGAD001365 Logged in on Tuesday: 2018-10-02 01:43:10am
SFKGAD001366 Logged in on Tuesday: 2018-10-02 02:03:15am
SFKGAD001366 Logged in on Tuesday: 2018-10-02 02:04:34am
SFKGMA001563 Logged in on Tuesday: 2018-10-02 02:04:48am
SFKGLE001552 Logged in on Tuesday: 2018-10-02 02:12:29am
SFKGAD001325 Logged in on Tuesday: 2018-10-02 02:12:44am
SFKGLE001564 Logged in on Tuesday: 2018-10-02 02:14:05am
SFKGAD001325 Logged in on Tuesday: 2018-10-02 02:15:12am
SFKGAD001325 Logged in on Tuesday: 2018-10-02 02:15:31am
SFKGAD001325 Logged in on Tuesday: 2018-10-02 02:19:32am
SFKGAD001325 Logged in on Tuesday: 2018-10-02 02:23:13am
SFKGLE001553 Logged in on Tuesday: 2018-10-02 02:23:21am
SFKGMA001563 Logged in on Tuesday: 2018-10-02 02:23:31am
SFKGLE001564 Logged in on Tuesday: 2018-10-02 02:23:39am
SFKGMA001567 Logged in on Tuesday: 2018-10-02 02:24:05am
SFKGAD001366 Logged in on Tuesday: 2018-10-02 02:24:16am
SFKGAD001366 Logged in on Tuesday: 2018-10-02 02:25:45am
SFKGMA001563 Logged in on Tuesday: 2018-10-02 02:25:50am
SFKGAD001365 Logged in on Tuesday: 2018-10-02 02:28:16am
SFKGAD001366 Logged in on Tuesday: 2018-10-02 02:28:21am
SFKGLE001552 Logged in on Tuesday: 2018-10-02 02:28:42am
SFKGAD001325 Logged in on Tuesday: 2018-10-02 02:28:47am
SFKGAD001325 Logged in on Tuesday: 2018-10-02 02:29:04am
SFKGAD001325 Logged in on Tuesday: 2018-10-02 02:29:25am
SFKGAD001366 Logged in on Tuesday: 2018-10-02 02:30:03am
SFKGAD001366 Logged in on Tuesday: 2018-10-02 02:30:07am
SFKGAD001365 Logged in on Tuesday: 2018-10-02 02:30:11am
SFKGAD001325 Logged in on Tuesday: 2018-10-02 02:30:15am
SFKGAD001325 Logged in on Tuesday: 2018-10-02 02:31:29am
SFKGLE001553 Logged in on Tuesday: 2018-10-02 02:31:35am
SFKGLE001553 Logged in on Tuesday: 2018-10-02 02:31:55am
SFKGAD001325 Logged in on Tuesday: 2018-10-02 02:32:51am
SFKGLE001553 Logged in on Tuesday: 2018-10-02 02:33:02am
SFKGAD001366 Logged in on Tuesday: 2018-10-02 02:33:18am
SFKGAD001365 Logged in on Tuesday: 2018-10-02 02:33:34am
SFKGMA001567 Logged in on Tuesday: 2018-10-02 02:34:13am
SFKGAD001325 Logged in on Tuesday: 2018-10-02 02:37:29am
SFKGLE001553 Logged in on Tuesday: 2018-10-02 02:37:39am
SFKGLE001553 Logged in on Tuesday: 2018-10-02 02:39:31am
SFKGMA001563 Logged in on Tuesday: 2018-10-02 02:39:50am
SFKGLE001564 Logged in on Tuesday: 2018-10-02 02:40:50am
SFKGLE001564 Logged in on Tuesday: 2018-10-02 02:41:19am
SFKGAD001365 Logged in on Tuesday: 2018-10-02 02:41:31am
SFKGAD001366 Logged in on Tuesday: 2018-10-02 02:42:01am
SFKGLE001552 Logged in on Tuesday: 2018-10-02 02:43:17am
SFKGLE001552 Logged in on Tuesday: 2018-10-02 02:43:47am
SFKGAD001366 Logged in on Tuesday: 2018-10-02 02:44:00am
SFKGMA001563 Logged in on Tuesday: 2018-10-02 02:44:11am
SFKGAD001325 Logged in on Tuesday: 2018-10-02 02:44:45am
SFKGAD001325 Logged in on Tuesday: 2018-10-02 02:51:20am
SFKGLE001553 Logged in on Tuesday: 2018-10-02 03:04:31am
SFKGAD001325 Logged in on Tuesday: 2018-10-02 03:04:59am
SFKGLE001564 Logged in on Tuesday: 2018-10-02 03:16:06am
SFKGAD001325 Logged in on Tuesday: 2018-10-02 03:19:06am
SFKGLE001553 Logged in on Tuesday: 2018-10-02 03:44:36am
SFKGAD001325 Logged in on Tuesday: 2018-10-02 03:45:36am
SFKGMA001567 Logged in on Tuesday: 2018-10-02 05:31:18am
SFKGMA001567 Logged in on Tuesday: 2018-10-02 05:37:20am
SFKGLE001552 Logged in on Tuesday: 2018-10-02 05:39:10am
SFKGAD001366 Logged in on Tuesday: 2018-10-02 06:17:11am
SFKGMA001563 Logged in on Tuesday: 2018-10-02 07:40:57am
SFKGAD001366 Logged in on Tuesday: 2018-10-02 07:41:13am
SFKGAD001325 Logged in on Tuesday: 2018-10-02 07:41:39am
SFKGAD001365 Logged in on Tuesday: 2018-10-02 07:44:43am
SFKGAD001365 Logged in on Tuesday: 2018-10-02 07:46:37am
SFKGAD001325 Logged in on Tuesday: 2018-10-02 07:47:02am
SFKGAD001325 Logged in on Tuesday: 2018-10-02 08:12:50am
SFKGLE001553 Logged in on Tuesday: 2018-10-02 08:20:54am
SFKGMA001563 Logged in on Tuesday: 2018-10-02 08:26:01am
SFKGLE001552 Logged in on Tuesday: 2018-10-02 08:26:48am
SFKGAD001325 Logged in on Tuesday: 2018-10-02 08:31:20am
SFKGLE001553 Logged in on Tuesday: 2018-10-02 08:31:49am
SFKGAD001325 Logged in on Tuesday: 2018-10-02 08:40:17am
SFKGMA001567 Logged in on Tuesday: 2018-10-02 08:45:56am
SFKGAD001365 Logged in on Tuesday: 2018-10-02 08:51:53am
SFKGAD001366 Logged in on Tuesday: 2018-10-02 08:53:55am
SFKGLE001553 Logged in on Tuesday: 2018-10-02 09:08:03am
SFKGAD001365 Logged in on Tuesday: 2018-10-02 09:22:30am
SFKGLE001552 Logged in on Tuesday: 2018-10-02 09:23:21am
SFKGMA001563 Logged in on Tuesday: 2018-10-02 09:25:15am
SFKGMA001567 Logged in on Tuesday: 2018-10-02 09:32:17am
SFKGAD001365 Logged in on Tuesday: 2018-10-02 09:33:04am
SFKGAD001366 Logged in on Tuesday: 2018-10-02 09:33:29am
SFKGAD001325 Logged in on Tuesday: 2018-10-02 09:39:42am
SFKGMA001563 Logged in on Tuesday: 2018-10-02 09:42:30am
SFKGLE001552 Logged in on Tuesday: 2018-10-02 09:44:02am
SFKGLE001553 Logged in on Tuesday: 2018-10-02 09:47:44am
SFKGAD001366 Logged in on Tuesday: 2018-10-02 09:49:53am
SFKGAD001365 Logged in on Tuesday: 2018-10-02 09:54:19am
SFKGMA001567 Logged in on Tuesday: 2018-10-02 09:55:31am
SFKGMA001567 Logged in on Tuesday: 2018-10-02 09:59:38am
SFKGAD001365 Logged in on Tuesday: 2018-10-02 10:00:48am
SFKGAD001366 Logged in on Tuesday: 2018-10-02 10:04:01am
SFKGAD001325 Logged in on Tuesday: 2018-10-02 10:08:38am
SFKGAD001366 Logged in on Tuesday: 2018-10-02 10:08:47am
SFKGLE001553 Logged in on Tuesday: 2018-10-02 10:10:47am
SFKGLE001552 Logged in on Tuesday: 2018-10-02 10:14:43am
SFKGMA001563 Logged in on Tuesday: 2018-10-02 10:17:32am
SFKGAD001325 Logged in on Tuesday: 2018-10-02 10:23:55am
SFKGMA001567 Logged in on Tuesday: 2018-10-02 10:29:06am
SFKGAD001325 Logged in on Tuesday: 2018-10-02 11:53:48am
SFKGAD001325 Logged in on Tuesday: 2018-10-02 12:03:52pm
SFKGLE001552 Logged in on Tuesday: 2018-10-02 12:09:45pm
SFKGLE001564 Logged in on Tuesday: 2018-10-02 12:13:21pm
SFKGLE001553 Logged in on Tuesday: 2018-10-02 12:16:51pm
SFKGMA001563 Logged in on Tuesday: 2018-10-02 12:21:24pm
SFKGAD001366 Logged in on Tuesday: 2018-10-02 12:24:13pm
SFKGMA001567 Logged in on Tuesday: 2018-10-02 12:28:41pm
SFKGAD001365 Logged in on Tuesday: 2018-10-02 12:31:04pm
SFKGAD001325 Logged in on Monday: 2018-12-03 12:03:05pm
SFKGMA001563 Logged in on Thursday: 2018-12-06 05:59:46am
SFKGAD001325 Logged in on Thursday: 2018-12-06 06:00:00am